SwipeToModify/Temp/gradleOut/launcher/build/intermediates/manifest_merge_blame_file/release/manifest-merger-blame-release-report.txt
1<?xml version="1.0" encoding="utf-8"?>
2<!-- GENERATED BY UNITY. REMOVE THIS COMMENT TO PREVENT OVERWRITING WHEN EXPORTING AGAIN -->
3<manifest xmlns:android="http://schemas.android.com/apk/res/android"
4    package="com.username.hellomano"
5    android:installLocation="preferExternal"
6    android:versionCode="1"
7    android:versionName="0.1" >
8
9    <uses-sdk
10        android:minSdkVersion="24"
10-->src\main\AndroidManifest.xml
11        android:targetSdkVersion="30" />
11-->src\main\AndroidManifest.xml
12
13    <supports-screens
13-->src\main\AndroidManifest.xml:4:3-163
14        android:anyDensity="true"
14-->src\main\AndroidManifest.xml:4:135-160
15        android:largeScreens="true"
15-->src\main\AndroidManifest.xml:4:78-105
16        android:normalScreens="true"
16-->src\main\AndroidManifest.xml:4:49-77
17        android:smallScreens="true"
17-->src\main\AndroidManifest.xml:4:21-48
18        android:xlargeScreens="true" />
18-->src\main\AndroidManifest.xml:4:106-134
19
20    <uses-feature android:glEsVersion="0x00030000" />
20-->[:unityLibrary] AndroidManifest.xml:13:5-54
20-->[:unityLibrary] AndroidManifest.xml:13:19-51
21
22    <uses-permission android:name="android.permission.INTERNET" />
22-->[:unityLibrary] AndroidManifest.xml:15:5-67
22-->[:unityLibrary] AndroidManifest.xml:15:22-64
23    <uses-permission android:name="android.permission.VIBRATE" />
23-->[:unityLibrary] AndroidManifest.xml:16:5-66
23-->[:unityLibrary] AndroidManifest.xml:16:22-63
24    <uses-permission android:name="android.permission.CAMERA" />
24-->[:unityLibrary] AndroidManifest.xml:17:5-65
24-->[:unityLibrary] AndroidManifest.xml:17:22-62
25
26    <uses-feature
26-->[:unityLibrary] AndroidManifest.xml:19:5-21:36
27        android:name="android.hardware.camera"
27-->[:unityLibrary] AndroidManifest.xml:20:9-47
28        android:required="false" />
28-->[:unityLibrary] AndroidManifest.xml:21:9-33
29    <uses-feature
29-->[:unityLibrary] AndroidManifest.xml:22:5-24:36
30        android:name="android.hardware.camera.autofocus"
30-->[:unityLibrary] AndroidManifest.xml:23:9-57
31        android:required="false" />
31-->[:unityLibrary] AndroidManifest.xml:24:9-33
32    <uses-feature
32-->[:unityLibrary] AndroidManifest.xml:25:5-27:36
33        android:name="android.hardware.camera.front"
33-->[:unityLibrary] AndroidManifest.xml:26:9-53
34        android:required="false" />
34-->[:unityLibrary] AndroidManifest.xml:27:9-33
35    <uses-feature
35-->[:unityLibrary] AndroidManifest.xml:28:5-30:36
36        android:name="android.hardware.touchscreen"
36-->[:unityLibrary] AndroidManifest.xml:29:9-52
37        android:required="false" />
37-->[:unityLibrary] AndroidManifest.xml:30:9-33
38    <uses-feature
38-->[:unityLibrary] AndroidManifest.xml:31:5-33:36
39        android:name="android.hardware.touchscreen.multitouch"
39-->[:unityLibrary] AndroidManifest.xml:32:9-63
40        android:required="false" />
40-->[:unityLibrary] AndroidManifest.xml:33:9-33
41    <uses-feature
41-->[:unityLibrary] AndroidManifest.xml:34:5-36:36
42        android:name="android.hardware.touchscreen.multitouch.distinct"
42-->[:unityLibrary] AndroidManifest.xml:35:9-72
43        android:required="false" />
43-->[:unityLibrary] AndroidManifest.xml:36:9-33
44
45    <application
45-->src\main\AndroidManifest.xml:5:3-116
46        android:extractNativeLibs="true"
46-->src\main\AndroidManifest.xml:5:16-48
47        android:icon="@mipmap/app_icon"
47-->src\main\AndroidManifest.xml:5:82-113
48        android:label="@string/app_name" >
48-->src\main\AndroidManifest.xml:5:49-81
49        <activity
49-->[:unityLibrary] AndroidManifest.xml:39:9-59:20
50            android:name="com.unity3d.player.UnityPlayerActivity"
50-->[:unityLibrary] AndroidManifest.xml:40:13-66
51            android:configChanges="mcc|mnc|locale|touchscreen|keyboard|keyboardHidden|navigation|orientation|screenLayout|uiMode|screenSize|smallestScreenSize|fontScale|layoutDirection|density"
51-->[:unityLibrary] AndroidManifest.xml:41:13-194
52            android:hardwareAccelerated="false"
52-->[:unityLibrary] AndroidManifest.xml:42:13-48
53            android:launchMode="singleTask"
53-->[:unityLibrary] AndroidManifest.xml:43:13-44
54            android:resizeableActivity="false"
54-->[:unityLibrary] AndroidManifest.xml:44:13-47
55            android:screenOrientation="fullSensor"
55-->[:unityLibrary] AndroidManifest.xml:45:13-51
56            android:theme="@style/UnityThemeSelector" >
56-->[:unityLibrary] AndroidManifest.xml:46:13-54
57            <intent-filter>
57-->[:unityLibrary] AndroidManifest.xml:47:13-51:29
58                <action android:name="android.intent.action.MAIN" />
58-->[:unityLibrary] AndroidManifest.xml:48:17-69
58-->[:unityLibrary] AndroidManifest.xml:48:25-66
59
60                <category android:name="android.intent.category.LAUNCHER" />
60-->[:unityLibrary] AndroidManifest.xml:50:17-77
60-->[:unityLibrary] AndroidManifest.xml:50:27-74
61            </intent-filter>
62
63            <meta-data
63-->[:unityLibrary] AndroidManifest.xml:53:13-55:40
64                android:name="unityplayer.UnityActivity"
64-->[:unityLibrary] AndroidManifest.xml:54:17-57
65                android:value="true" />
65-->[:unityLibrary] AndroidManifest.xml:55:17-37
66            <meta-data
66-->[:unityLibrary] AndroidManifest.xml:56:13-58:40
67                android:name="android.notch_support"
67-->[:unityLibrary] AndroidManifest.xml:57:17-53
68                android:value="true" />
68-->[:unityLibrary] AndroidManifest.xml:58:17-37
69        </activity>
70
71        <meta-data
71-->[:unityLibrary] AndroidManifest.xml:61:9-63:33
72            android:name="unity.splash-mode"
72-->[:unityLibrary] AndroidManifest.xml:62:13-45
73            android:value="0" />
73-->[:unityLibrary] AndroidManifest.xml:63:13-30
74        <meta-data
74-->[:unityLibrary] AndroidManifest.xml:64:9-66:36
75            android:name="unity.splash-enable"
75-->[:unityLibrary] AndroidManifest.xml:65:13-47
76            android:value="True" />
76-->[:unityLibrary] AndroidManifest.xml:66:13-33
77        <meta-data
77-->[:unityLibrary] AndroidManifest.xml:67:9-69:37
78            android:name="unity.allow-resizable-window"
78-->[:unityLibrary] AndroidManifest.xml:68:13-56
79            android:value="False" />
79-->[:unityLibrary] AndroidManifest.xml:69:13-34
80        <meta-data
80-->[:unityLibrary] AndroidManifest.xml:70:9-72:50
81            android:name="notch.config"
81-->[:unityLibrary] AndroidManifest.xml:71:13-40
82            android:value="portrait|landscape" />
82-->[:unityLibrary] AndroidManifest.xml:72:13-47
83        <meta-data
83-->[:unityLibrary] AndroidManifest.xml:73:9-75:68
84            android:name="unity.build-id"
84-->[:unityLibrary] AndroidManifest.xml:74:13-42
85            android:value="609e7f88-0ed3-4761-b65c-3a08dc5ae38a" />
85-->[:unityLibrary] AndroidManifest.xml:75:13-65
86    </application>
87
88</manifest>